<?xml version="1.0" encoding="UTF-8"?>
<robot generator="Robot 5.0 (Python 3.10.4 on win32)" generated="20220506 20:15:24.084" rpa="false" schemaversion="3">
<suite id="s1" name="testMentor" source="C:\Users\oxto_\ProjetoGT\tests\testMentor.robot">
<test id="s1-t1" name="Login" line="8">
<kw name="New Session" library="resources" type="SETUP">
<kw name="Open Browser" library="SeleniumLibrary">
<arg>${URL}</arg>
<arg>chrome</arg>
<doc>Opens a new browser instance to the optional ``url``.</doc>
<msg timestamp="20220506 20:15:24.691" level="INFO">Opening browser 'chrome' to base url 'https://transformers.labsit.io/'.</msg>
<status status="PASS" starttime="20220506 20:15:24.691" endtime="20220506 20:15:27.659"/>
</kw>
<kw name="Maximize Browser Window" library="SeleniumLibrary">
<doc>Maximizes current browser window.</doc>
<status status="PASS" starttime="20220506 20:15:27.660" endtime="20220506 20:15:28.632"/>
</kw>
<status status="PASS" starttime="20220506 20:15:24.691" endtime="20220506 20:15:28.632"/>
</kw>
<kw name="Login" library="login">
<tag>login_mentor</tag>
<doc>Validar se o usuario com perfil mentor consegue realizar o login com sucesso.</doc>
<kw name="Go To" library="SeleniumLibrary">
<arg>${URL}</arg>
<doc>Navigates the current browser window to the provided ``url``.</doc>
<msg timestamp="20220506 20:15:28.633" level="INFO">Opening url 'https://transformers.labsit.io/'</msg>
<status status="PASS" starttime="20220506 20:15:28.633" endtime="20220506 20:15:29.330"/>
</kw>
<kw name="Wait Until Element Is Visible" library="SeleniumLibrary">
<arg>${USERNAME_INPUT_MS}</arg>
<doc>Waits until the element ``locator`` is visible.</doc>
<status status="PASS" starttime="20220506 20:15:29.330" endtime="20220506 20:15:29.858"/>
</kw>
<kw name="Set Log Level" library="BuiltIn">
<arg>NONE</arg>
<doc>Sets the log threshold to the specified level and returns the old level.</doc>
<status status="PASS" starttime="20220506 20:15:29.859" endtime="20220506 20:15:29.859"/>
</kw>
<kw name="Input Text" library="SeleniumLibrary">
<arg>${USERNAME_INPUT_MS}</arg>
<arg>${USERNAME}</arg>
<doc>Types the given ``text`` into the text field identified by ``locator``.</doc>
<status status="PASS" starttime="20220506 20:15:29.859" endtime="20220506 20:15:29.945"/>
</kw>
<kw name="Click Element" library="SeleniumLibrary">
<arg>${BUTTON_MS}</arg>
<doc>Click the element identified by ``locator``.</doc>
<status status="PASS" starttime="20220506 20:15:29.945" endtime="20220506 20:15:30.006"/>
</kw>
<kw name="Sleep" library="BuiltIn">
<arg>2</arg>
<doc>Pauses the test executed for the given time.</doc>
<status status="PASS" starttime="20220506 20:15:30.006" endtime="20220506 20:15:32.011"/>
</kw>
<kw name="Wait Until Element Is Visible" library="SeleniumLibrary">
<arg>${PASSWORD_INPUT_MS}</arg>
<doc>Waits until the element ``locator`` is visible.</doc>
<status status="PASS" starttime="20220506 20:15:32.011" endtime="20220506 20:15:32.033"/>
</kw>
<kw name="Input Password" library="SeleniumLibrary">
<arg>${PASSWORD_INPUT_MS}</arg>
<arg>${PASSWORD}</arg>
<doc>Types the given password into the text field identified by ``locator``.</doc>
<status status="PASS" starttime="20220506 20:15:32.034" endtime="20220506 20:15:32.091"/>
</kw>
<kw name="Click Element" library="SeleniumLibrary">
<arg>${BUTTON_MS}</arg>
<doc>Click the element identified by ``locator``.</doc>
<status status="PASS" starttime="20220506 20:15:32.091" endtime="20220506 20:15:32.612"/>
</kw>
<kw name="Set Log Level" library="BuiltIn">
<arg>INFO</arg>
<doc>Sets the log threshold to the specified level and returns the old level.</doc>
<msg timestamp="20220506 20:15:32.612" level="INFO">Log level changed from NONE to INFO.</msg>
<status status="PASS" starttime="20220506 20:15:32.612" endtime="20220506 20:15:32.612"/>
</kw>
<kw name="Sleep" library="BuiltIn">
<arg>2</arg>
<doc>Pauses the test executed for the given time.</doc>
<msg timestamp="20220506 20:15:34.622" level="INFO">Slept 2 seconds</msg>
<status status="PASS" starttime="20220506 20:15:32.612" endtime="20220506 20:15:34.622"/>
</kw>
<kw name="Wait Until Element Is Visible" library="SeleniumLibrary">
<arg>${NEXT_BUTTON_MS}</arg>
<doc>Waits until the element ``locator`` is visible.</doc>
<status status="PASS" starttime="20220506 20:15:34.622" endtime="20220506 20:15:34.645"/>
</kw>
<kw name="Click Element" library="SeleniumLibrary">
<arg>${NEXT_BUTTON_MS}</arg>
<doc>Click the element identified by ``locator``.</doc>
<msg timestamp="20220506 20:15:34.646" level="INFO">Clicking element 'css:input[id="idBtn_Back"]'.</msg>
<status status="PASS" starttime="20220506 20:15:34.646" endtime="20220506 20:15:35.876"/>
</kw>
<status status="PASS" starttime="20220506 20:15:28.632" endtime="20220506 20:15:35.876"/>
</kw>
<kw name="Close Session" library="resources" type="TEARDOWN">
<kw name="Capture Page Screenshot" library="SeleniumLibrary">
<doc>Takes a screenshot of the current page and embeds it into a log file.</doc>
<msg timestamp="20220506 20:15:36.054" level="INFO" html="true">&lt;/td&gt;&lt;/tr&gt;&lt;tr&gt;&lt;td colspan="3"&gt;&lt;a href="selenium-screenshot-15.png"&gt;&lt;img src="selenium-screenshot-15.png" width="800px"&gt;&lt;/a&gt;</msg>
<status status="PASS" starttime="20220506 20:15:35.878" endtime="20220506 20:15:36.054"/>
</kw>
<kw name="Close Browser" library="SeleniumLibrary">
<doc>Closes the current browser.</doc>
<status status="PASS" starttime="20220506 20:15:36.054" endtime="20220506 20:15:38.202"/>
</kw>
<status status="PASS" starttime="20220506 20:15:35.877" endtime="20220506 20:15:38.202"/>
</kw>
<doc>Efetua o login com sucesso.</doc>
<tag>login</tag>
<status status="PASS" starttime="20220506 20:15:24.689" endtime="20220506 20:15:38.203"/>
</test>
<status status="PASS" starttime="20220506 20:15:24.086" endtime="20220506 20:15:38.204"/>
</suite>
<statistics>
<total>
<stat pass="1" fail="0" skip="0">All Tests</stat>
</total>
<tag>
<stat pass="1" fail="0" skip="0">login</stat>
</tag>
<suite>
<stat pass="1" fail="0" skip="0" id="s1" name="testMentor">testMentor</stat>
</suite>
</statistics>
<errors>
</errors>
</robot>
